<?xml version="1.0" encoding="UTF-8"?>
<!-- Generated by org.testng.reporters.JUnitXMLReporter -->
<testsuite ignored="0" hostname="EVAPbHYoh6KVjGM" failures="1" tests="2" name="Testlogin" time="23.082" errors="0" timestamp="2024-06-25T13:05:17 IST">
  <testcase classname="testCases.TC_AccountRegistrationTest" name="verify_account_registration" time="2.124"/>
  <testcase classname="testCases.TC002_LoginTest" name="verify_login" time="11.251">
    <failure type="java.lang.AssertionError" message="login failed expected [true] but found [false]">
      <![CDATA[java.lang.AssertionError: login failed expected [true] but found [false]
at testCases.TC002_LoginTest.verify_login(TC002_LoginTest.java:30)
at java.base/java.util.ArrayList.forEach(ArrayList.java:1511)
... Removed 31 stack frames]]>
    </failure>
  </testcase> <!-- verify_login -->
</testsuite> <!-- Testlogin -->
