<?xml version="1.0" encoding="UTF-8"?>
<testng-results ignored="0" total="2" passed="2" failed="0" skipped="0">
  <reporter-output>
  </reporter-output>
  <suite started-at="2024-06-26T18:44:42 IST" name="Master Suite" finished-at="2024-06-26T18:44:57 IST" duration-ms="15285">
    <groups>
      <group name="Master">
        <method signature="TC002_LoginTest.verify_login()[pri:0, instance:testCases.TC002_LoginTest@3b00856b]" name="verify_login" class="testCases.TC002_LoginTest"/>
        <method signature="TC_AccountRegistrationTest.verify_account_registration()[pri:0, instance:testCases.TC_AccountRegistrationTest@241e8ea6]" name="verify_account_registration" class="testCases.TC_AccountRegistrationTest"/>
      </group> <!-- Master -->
      <group name="Sanity">
        <method signature="TC002_LoginTest.verify_login()[pri:0, instance:testCases.TC002_LoginTest@3b00856b]" name="verify_login" class="testCases.TC002_LoginTest"/>
      </group> <!-- Sanity -->
      <group name="Regression">
        <method signature="TC_AccountRegistrationTest.verify_account_registration()[pri:0, instance:testCases.TC_AccountRegistrationTest@241e8ea6]" name="verify_account_registration" class="testCases.TC_AccountRegistrationTest"/>
      </group> <!-- Regression -->
    </groups>
    <test started-at="2024-06-26T18:44:42 IST" name="Testlogin" finished-at="2024-06-26T18:44:57 IST" duration-ms="15285">
      <class name="testCases.TC002_LoginTest">
        <test-method is-config="true" signature="setup(java.lang.String,java.lang.String)[pri:0, instance:testCases.TC002_LoginTest@3b00856b]" started-at="2024-06-26T18:44:51 IST" name="setup" finished-at="2024-06-26T18:44:56 IST" duration-ms="4230" status="PASS">
          <params>
            <param index="0">
              <value>
                <![CDATA[windows]]>
              </value>
            </param>
            <param index="1">
              <value>
                <![CDATA[chrome]]>
              </value>
            </param>
          </params>
          <reporter-output>
          </reporter-output>
        </test-method> <!-- setup -->
        <test-method signature="verify_login()[pri:0, instance:testCases.TC002_LoginTest@3b00856b]" started-at="2024-06-26T18:44:56 IST" name="verify_login" finished-at="2024-06-26T18:44:57 IST" duration-ms="1583" status="PASS">
          <reporter-output>
          </reporter-output>
        </test-method> <!-- verify_login -->
        <test-method is-config="true" signature="tearDown()[pri:0, instance:testCases.TC002_LoginTest@3b00856b]" started-at="2024-06-26T18:44:57 IST" name="tearDown" finished-at="2024-06-26T18:44:57 IST" duration-ms="174" status="PASS">
          <reporter-output>
          </reporter-output>
        </test-method> <!-- tearDown -->
      </class> <!-- testCases.TC002_LoginTest -->
      <class name="testCases.TC_AccountRegistrationTest">
        <test-method is-config="true" signature="setup(java.lang.String,java.lang.String)[pri:0, instance:testCases.TC_AccountRegistrationTest@241e8ea6]" started-at="2024-06-26T18:44:42 IST" name="setup" finished-at="2024-06-26T18:44:49 IST" duration-ms="6275" status="PASS">
          <params>
            <param index="0">
              <value>
                <![CDATA[windows]]>
              </value>
            </param>
            <param index="1">
              <value>
                <![CDATA[chrome]]>
              </value>
            </param>
          </params>
          <reporter-output>
          </reporter-output>
        </test-method> <!-- setup -->
        <test-method signature="verify_account_registration()[pri:0, instance:testCases.TC_AccountRegistrationTest@241e8ea6]" started-at="2024-06-26T18:44:49 IST" name="verify_account_registration" finished-at="2024-06-26T18:44:51 IST" duration-ms="2635" status="PASS">
          <reporter-output>
          </reporter-output>
        </test-method> <!-- verify_account_registration -->
        <test-method is-config="true" signature="tearDown()[pri:0, instance:testCases.TC_AccountRegistrationTest@241e8ea6]" started-at="2024-06-26T18:44:51 IST" name="tearDown" finished-at="2024-06-26T18:44:51 IST" duration-ms="177" status="PASS">
          <reporter-output>
          </reporter-output>
        </test-method> <!-- tearDown -->
      </class> <!-- testCases.TC_AccountRegistrationTest -->
    </test> <!-- Testlogin -->
  </suite> <!-- Master Suite -->
</testng-results>
